{"/Users/enzoxavier/Desktop/DesafioDB/desafio-enzoxavierrr-2025/src/abrigo-animais.js": {"path":"/Users/enzoxavier/Desktop/DesafioDB/desafio-enzoxavierrr-2025/src/abrigo-animais.js","all":false,"statementMap":{"0":{"start":{"line":1,"column":0},"end":{"line":1,"column":21}},"1":{"start":{"line":2,"column":0},"end":{"line":2,"column":0}},"2":{"start":{"line":3,"column":0},"end":{"line":3,"column":71}},"3":{"start":{"line":4,"column":0},"end":{"line":4,"column":3}},"4":{"start":{"line":5,"column":0},"end":{"line":5,"column":1}},"5":{"start":{"line":6,"column":0},"end":{"line":6,"column":0}},"6":{"start":{"line":7,"column":0},"end":{"line":7,"column":42}}},"s":{"0":1,"1":1,"2":1,"3":3,"4":1,"5":1,"6":1},"branchMap":{"0":{"type":"branch","line":3,"loc":{"start":{"line":3,"column":2},"end":{"line":4,"column":3}},"locations":[{"start":{"line":3,"column":2},"end":{"line":4,"column":3}}]}},"b":{"0":[3]},"fnMap":{"0":{"name":"encontraPessoas","decl":{"start":{"line":3,"column":2},"end":{"line":4,"column":3}},"loc":{"start":{"line":3,"column":2},"end":{"line":4,"column":3}},"line":3}},"f":{"0":3}}
}
