{"/Users/enzoxavier/Desktop/DesafioDB/desafio-enzoxavierrr-2025/src/abrigo-animais.js": {"path":"/Users/enzoxavier/Desktop/DesafioDB/desafio-enzoxavierrr-2025/src/abrigo-animais.js","all":false,"statementMap":{"0":{"start":{"line":1,"column":0},"end":{"line":1,"column":0}},"1":{"start":{"line":2,"column":0},"end":{"line":2,"column":21}},"2":{"start":{"line":3,"column":0},"end":{"line":3,"column":17}},"3":{"start":{"line":4,"column":0},"end":{"line":4,"column":20}},"4":{"start":{"line":5,"column":0},"end":{"line":5,"column":64}},"5":{"start":{"line":6,"column":0},"end":{"line":6,"column":65}},"6":{"start":{"line":7,"column":0},"end":{"line":7,"column":73}},"7":{"start":{"line":8,"column":0},"end":{"line":8,"column":64}},"8":{"start":{"line":9,"column":0},"end":{"line":9,"column":67}},"9":{"start":{"line":10,"column":0},"end":{"line":10,"column":73}},"10":{"start":{"line":11,"column":0},"end":{"line":11,"column":65}},"11":{"start":{"line":12,"column":0},"end":{"line":12,"column":6}},"12":{"start":{"line":13,"column":0},"end":{"line":13,"column":30}},"13":{"start":{"line":14,"column":0},"end":{"line":14,"column":57}},"14":{"start":{"line":15,"column":0},"end":{"line":15,"column":6}},"15":{"start":{"line":16,"column":0},"end":{"line":16,"column":3}},"16":{"start":{"line":17,"column":0},"end":{"line":17,"column":0}},"17":{"start":{"line":18,"column":0},"end":{"line":18,"column":71}},"18":{"start":{"line":19,"column":0},"end":{"line":19,"column":0}},"19":{"start":{"line":20,"column":0},"end":{"line":20,"column":0}},"20":{"start":{"line":21,"column":0},"end":{"line":21,"column":68}},"21":{"start":{"line":22,"column":0},"end":{"line":22,"column":68}},"22":{"start":{"line":23,"column":0},"end":{"line":23,"column":61}},"23":{"start":{"line":24,"column":0},"end":{"line":24,"column":0}},"24":{"start":{"line":25,"column":0},"end":{"line":25,"column":33}},"25":{"start":{"line":26,"column":0},"end":{"line":26,"column":26}},"26":{"start":{"line":27,"column":0},"end":{"line":27,"column":29}},"27":{"start":{"line":28,"column":0},"end":{"line":28,"column":43}},"28":{"start":{"line":29,"column":0},"end":{"line":29,"column":7}},"29":{"start":{"line":30,"column":0},"end":{"line":30,"column":30}},"30":{"start":{"line":31,"column":0},"end":{"line":31,"column":43}},"31":{"start":{"line":32,"column":0},"end":{"line":32,"column":7}},"32":{"start":{"line":33,"column":0},"end":{"line":33,"column":24}},"33":{"start":{"line":34,"column":0},"end":{"line":34,"column":5}},"34":{"start":{"line":35,"column":0},"end":{"line":35,"column":0}},"35":{"start":{"line":36,"column":0},"end":{"line":36,"column":37}},"36":{"start":{"line":37,"column":0},"end":{"line":37,"column":28}},"37":{"start":{"line":38,"column":0},"end":{"line":38,"column":48}},"38":{"start":{"line":39,"column":0},"end":{"line":39,"column":46}},"39":{"start":{"line":40,"column":0},"end":{"line":40,"column":7}},"40":{"start":{"line":41,"column":0},"end":{"line":41,"column":34}},"41":{"start":{"line":42,"column":0},"end":{"line":42,"column":46}},"42":{"start":{"line":43,"column":0},"end":{"line":43,"column":7}},"43":{"start":{"line":44,"column":0},"end":{"line":44,"column":28}},"44":{"start":{"line":45,"column":0},"end":{"line":45,"column":5}},"45":{"start":{"line":46,"column":0},"end":{"line":46,"column":37}},"46":{"start":{"line":47,"column":0},"end":{"line":47,"column":28}},"47":{"start":{"line":48,"column":0},"end":{"line":48,"column":48}},"48":{"start":{"line":49,"column":0},"end":{"line":49,"column":46}},"49":{"start":{"line":50,"column":0},"end":{"line":50,"column":7}},"50":{"start":{"line":51,"column":0},"end":{"line":51,"column":34}},"51":{"start":{"line":52,"column":0},"end":{"line":52,"column":46}},"52":{"start":{"line":53,"column":0},"end":{"line":53,"column":7}},"53":{"start":{"line":54,"column":0},"end":{"line":54,"column":28}},"54":{"start":{"line":55,"column":0},"end":{"line":55,"column":5}},"55":{"start":{"line":56,"column":0},"end":{"line":56,"column":4}},"56":{"start":{"line":57,"column":0},"end":{"line":57,"column":23}},"57":{"start":{"line":58,"column":0},"end":{"line":58,"column":37}},"58":{"start":{"line":59,"column":0},"end":{"line":59,"column":35}},"59":{"start":{"line":60,"column":0},"end":{"line":60,"column":46}},"60":{"start":{"line":61,"column":0},"end":{"line":61,"column":93}},"61":{"start":{"line":62,"column":0},"end":{"line":62,"column":93}},"62":{"start":{"line":63,"column":0},"end":{"line":63,"column":0}},"63":{"start":{"line":64,"column":0},"end":{"line":64,"column":35}},"64":{"start":{"line":65,"column":0},"end":{"line":65,"column":49}},"65":{"start":{"line":66,"column":0},"end":{"line":66,"column":46}},"66":{"start":{"line":67,"column":0},"end":{"line":67,"column":51}},"67":{"start":{"line":68,"column":0},"end":{"line":68,"column":20}},"68":{"start":{"line":69,"column":0},"end":{"line":69,"column":46}},"69":{"start":{"line":70,"column":0},"end":{"line":70,"column":51}},"70":{"start":{"line":71,"column":0},"end":{"line":71,"column":20}},"71":{"start":{"line":72,"column":0},"end":{"line":72,"column":14}},"72":{"start":{"line":73,"column":0},"end":{"line":73,"column":49}},"73":{"start":{"line":74,"column":0},"end":{"line":74,"column":7}},"74":{"start":{"line":75,"column":0},"end":{"line":75,"column":5}},"75":{"start":{"line":76,"column":0},"end":{"line":76,"column":30}},"76":{"start":{"line":77,"column":0},"end":{"line":77,"column":38}},"77":{"start":{"line":78,"column":0},"end":{"line":78,"column":38}},"78":{"start":{"line":79,"column":0},"end":{"line":79,"column":40}},"79":{"start":{"line":80,"column":0},"end":{"line":80,"column":7}},"80":{"start":{"line":81,"column":0},"end":{"line":81,"column":0}},"81":{"start":{"line":82,"column":0},"end":{"line":82,"column":42}},"82":{"start":{"line":83,"column":0},"end":{"line":83,"column":38}},"83":{"start":{"line":84,"column":0},"end":{"line":84,"column":38}},"84":{"start":{"line":85,"column":0},"end":{"line":85,"column":40}},"85":{"start":{"line":86,"column":0},"end":{"line":86,"column":7}},"86":{"start":{"line":87,"column":0},"end":{"line":87,"column":49}},"87":{"start":{"line":88,"column":0},"end":{"line":88,"column":3}},"88":{"start":{"line":89,"column":0},"end":{"line":89,"column":0}},"89":{"start":{"line":90,"column":0},"end":{"line":90,"column":53}},"90":{"start":{"line":91,"column":0},"end":{"line":91,"column":16}},"91":{"start":{"line":92,"column":0},"end":{"line":92,"column":37}},"92":{"start":{"line":93,"column":0},"end":{"line":93,"column":45}},"93":{"start":{"line":94,"column":0},"end":{"line":94,"column":55}},"94":{"start":{"line":95,"column":0},"end":{"line":95,"column":5}},"95":{"start":{"line":96,"column":0},"end":{"line":96,"column":43}},"96":{"start":{"line":97,"column":0},"end":{"line":97,"column":3}},"97":{"start":{"line":98,"column":0},"end":{"line":98,"column":1}},"98":{"start":{"line":99,"column":0},"end":{"line":99,"column":0}},"99":{"start":{"line":100,"column":0},"end":{"line":100,"column":42}}},"s":{"0":1,"1":1,"2":1,"3":3,"4":3,"5":3,"6":3,"7":3,"8":3,"9":3,"10":3,"11":3,"12":3,"13":3,"14":3,"15":3,"16":1,"17":1,"18":3,"19":3,"20":3,"21":3,"22":3,"23":3,"24":3,"25":3,"26":7,"27":1,"28":1,"29":7,"30":0,"31":0,"32":6,"33":6,"34":2,"35":2,"36":3,"37":4,"38":0,"39":0,"40":4,"41":0,"42":0,"43":4,"44":4,"45":2,"46":3,"47":6,"48":0,"49":0,"50":6,"51":0,"52":0,"53":6,"54":6,"55":2,"56":2,"57":2,"58":3,"59":6,"60":6,"61":6,"62":6,"63":6,"64":1,"65":6,"66":1,"67":1,"68":5,"69":1,"70":1,"71":4,"72":3,"73":3,"74":6,"75":2,"76":6,"77":6,"78":6,"79":2,"80":2,"81":2,"82":4,"83":4,"84":4,"85":2,"86":2,"87":2,"88":1,"89":1,"90":12,"91":12,"92":32,"93":32,"94":32,"95":8,"96":8,"97":1,"98":1,"99":1},"branchMap":{"0":{"type":"branch","line":3,"loc":{"start":{"line":3,"column":2},"end":{"line":16,"column":3}},"locations":[{"start":{"line":3,"column":2},"end":{"line":16,"column":3}}]},"1":{"type":"branch","line":18,"loc":{"start":{"line":18,"column":2},"end":{"line":88,"column":3}},"locations":[{"start":{"line":18,"column":2},"end":{"line":88,"column":3}}]},"2":{"type":"branch","line":26,"loc":{"start":{"line":26,"column":25},"end":{"line":34,"column":5}},"locations":[{"start":{"line":26,"column":25},"end":{"line":34,"column":5}}]},"3":{"type":"branch","line":27,"loc":{"start":{"line":27,"column":28},"end":{"line":29,"column":7}},"locations":[{"start":{"line":27,"column":28},"end":{"line":29,"column":7}}]},"4":{"type":"branch","line":29,"loc":{"start":{"line":29,"column":6},"end":{"line":30,"column":29}},"locations":[{"start":{"line":29,"column":6},"end":{"line":30,"column":29}}]},"5":{"type":"branch","line":30,"loc":{"start":{"line":30,"column":29},"end":{"line":32,"column":7}},"locations":[{"start":{"line":30,"column":29},"end":{"line":32,"column":7}}]},"6":{"type":"branch","line":32,"loc":{"start":{"line":32,"column":6},"end":{"line":34,"column":5}},"locations":[{"start":{"line":32,"column":6},"end":{"line":34,"column":5}}]},"7":{"type":"branch","line":34,"loc":{"start":{"line":34,"column":4},"end":{"line":37,"column":27}},"locations":[{"start":{"line":34,"column":4},"end":{"line":37,"column":27}}]},"8":{"type":"branch","line":37,"loc":{"start":{"line":37,"column":27},"end":{"line":45,"column":5}},"locations":[{"start":{"line":37,"column":27},"end":{"line":45,"column":5}}]},"9":{"type":"branch","line":38,"loc":{"start":{"line":38,"column":47},"end":{"line":40,"column":7}},"locations":[{"start":{"line":38,"column":47},"end":{"line":40,"column":7}}]},"10":{"type":"branch","line":41,"loc":{"start":{"line":41,"column":33},"end":{"line":43,"column":7}},"locations":[{"start":{"line":41,"column":33},"end":{"line":43,"column":7}}]},"11":{"type":"branch","line":45,"loc":{"start":{"line":45,"column":4},"end":{"line":47,"column":27}},"locations":[{"start":{"line":45,"column":4},"end":{"line":47,"column":27}}]},"12":{"type":"branch","line":47,"loc":{"start":{"line":47,"column":27},"end":{"line":55,"column":5}},"locations":[{"start":{"line":47,"column":27},"end":{"line":55,"column":5}}]},"13":{"type":"branch","line":48,"loc":{"start":{"line":48,"column":47},"end":{"line":50,"column":7}},"locations":[{"start":{"line":48,"column":47},"end":{"line":50,"column":7}}]},"14":{"type":"branch","line":51,"loc":{"start":{"line":51,"column":33},"end":{"line":53,"column":7}},"locations":[{"start":{"line":51,"column":33},"end":{"line":53,"column":7}}]},"15":{"type":"branch","line":55,"loc":{"start":{"line":55,"column":4},"end":{"line":59,"column":34}},"locations":[{"start":{"line":55,"column":4},"end":{"line":59,"column":34}}]},"16":{"type":"branch","line":59,"loc":{"start":{"line":59,"column":34},"end":{"line":75,"column":5}},"locations":[{"start":{"line":59,"column":34},"end":{"line":75,"column":5}}]},"17":{"type":"branch","line":64,"loc":{"start":{"line":64,"column":19},"end":{"line":64,"column":32}},"locations":[{"start":{"line":64,"column":19},"end":{"line":64,"column":32}}]},"18":{"type":"branch","line":64,"loc":{"start":{"line":64,"column":34},"end":{"line":66,"column":7}},"locations":[{"start":{"line":64,"column":34},"end":{"line":66,"column":7}}]},"19":{"type":"branch","line":66,"loc":{"start":{"line":66,"column":7},"end":{"line":74,"column":7}},"locations":[{"start":{"line":66,"column":7},"end":{"line":74,"column":7}}]},"20":{"type":"branch","line":66,"loc":{"start":{"line":66,"column":26},"end":{"line":66,"column":43}},"locations":[{"start":{"line":66,"column":26},"end":{"line":66,"column":43}}]},"21":{"type":"branch","line":66,"loc":{"start":{"line":66,"column":45},"end":{"line":69,"column":7}},"locations":[{"start":{"line":66,"column":45},"end":{"line":69,"column":7}}]},"22":{"type":"branch","line":69,"loc":{"start":{"line":69,"column":7},"end":{"line":74,"column":7}},"locations":[{"start":{"line":69,"column":7},"end":{"line":74,"column":7}}]},"23":{"type":"branch","line":69,"loc":{"start":{"line":69,"column":26},"end":{"line":69,"column":43}},"locations":[{"start":{"line":69,"column":26},"end":{"line":69,"column":43}}]},"24":{"type":"branch","line":69,"loc":{"start":{"line":69,"column":45},"end":{"line":72,"column":7}},"locations":[{"start":{"line":69,"column":45},"end":{"line":72,"column":7}}]},"25":{"type":"branch","line":72,"loc":{"start":{"line":72,"column":7},"end":{"line":74,"column":7}},"locations":[{"start":{"line":72,"column":7},"end":{"line":74,"column":7}}]},"26":{"type":"branch","line":75,"loc":{"start":{"line":75,"column":4},"end":{"line":88,"column":3}},"locations":[{"start":{"line":75,"column":4},"end":{"line":88,"column":3}}]},"27":{"type":"branch","line":21,"loc":{"start":{"line":21,"column":53},"end":{"line":21,"column":66}},"locations":[{"start":{"line":21,"column":53},"end":{"line":21,"column":66}}]},"28":{"type":"branch","line":22,"loc":{"start":{"line":22,"column":53},"end":{"line":22,"column":66}},"locations":[{"start":{"line":22,"column":53},"end":{"line":22,"column":66}}]},"29":{"type":"branch","line":23,"loc":{"start":{"line":23,"column":46},"end":{"line":23,"column":59}},"locations":[{"start":{"line":23,"column":46},"end":{"line":23,"column":59}}]},"30":{"type":"branch","line":76,"loc":{"start":{"line":76,"column":19},"end":{"line":80,"column":5}},"locations":[{"start":{"line":76,"column":19},"end":{"line":80,"column":5}}]},"31":{"type":"branch","line":82,"loc":{"start":{"line":82,"column":31},"end":{"line":86,"column":5}},"locations":[{"start":{"line":82,"column":31},"end":{"line":86,"column":5}}]},"32":{"type":"branch","line":90,"loc":{"start":{"line":90,"column":2},"end":{"line":97,"column":3}},"locations":[{"start":{"line":90,"column":2},"end":{"line":97,"column":3}}]},"33":{"type":"branch","line":92,"loc":{"start":{"line":92,"column":36},"end":{"line":95,"column":5}},"locations":[{"start":{"line":92,"column":36},"end":{"line":95,"column":5}}]},"34":{"type":"branch","line":93,"loc":{"start":{"line":93,"column":39},"end":{"line":93,"column":45}},"locations":[{"start":{"line":93,"column":39},"end":{"line":93,"column":45}}]},"35":{"type":"branch","line":94,"loc":{"start":{"line":94,"column":43},"end":{"line":94,"column":55}},"locations":[{"start":{"line":94,"column":43},"end":{"line":94,"column":55}}]},"36":{"type":"branch","line":95,"loc":{"start":{"line":95,"column":4},"end":{"line":97,"column":3}},"locations":[{"start":{"line":95,"column":4},"end":{"line":97,"column":3}}]}},"b":{"0":[3],"1":[3],"2":[7],"3":[1],"4":[6],"5":[0],"6":[6],"7":[2],"8":[4],"9":[0],"10":[0],"11":[2],"12":[6],"13":[0],"14":[0],"15":[2],"16":[6],"17":[2],"18":[1],"19":[5],"20":[1],"21":[1],"22":[4],"23":[1],"24":[1],"25":[3],"26":[2],"27":[6],"28":[8],"29":[7],"30":[6],"31":[4],"32":[12],"33":[32],"34":[13],"35":[4],"36":[8]},"fnMap":{"0":{"name":"AbrigoAnimais","decl":{"start":{"line":3,"column":2},"end":{"line":16,"column":3}},"loc":{"start":{"line":3,"column":2},"end":{"line":16,"column":3}},"line":3},"1":{"name":"encontraPessoas","decl":{"start":{"line":18,"column":2},"end":{"line":88,"column":3}},"loc":{"start":{"line":18,"column":2},"end":{"line":88,"column":3}},"line":18},"2":{"name":"temBrinquedos","decl":{"start":{"line":90,"column":2},"end":{"line":97,"column":3}},"loc":{"start":{"line":90,"column":2},"end":{"line":97,"column":3}},"line":90}},"f":{"0":3,"1":3,"2":12}}
}
