TN:
SF:src/abrigo-animais.js
FN:3,AbrigoAnimais
FN:18,encontraPessoas
FN:90,temBrinquedos
FNF:3
FNH:3
FNDA:3,AbrigoAnimais
FNDA:3,encontraPessoas
FNDA:12,temBrinquedos
DA:1,1
DA:2,1
DA:3,1
DA:4,3
DA:5,3
DA:6,3
DA:7,3
DA:8,3
DA:9,3
DA:10,3
DA:11,3
DA:12,3
DA:13,3
DA:14,3
DA:15,3
DA:16,3
DA:17,1
DA:18,1
DA:19,3
DA:20,3
DA:21,3
DA:22,3
DA:23,3
DA:24,3
DA:25,3
DA:26,3
DA:27,7
DA:28,1
DA:29,1
DA:30,7
DA:31,0
DA:32,0
DA:33,6
DA:34,6
DA:35,2
DA:36,2
DA:37,3
DA:38,4
DA:39,0
DA:40,0
DA:41,4
DA:42,0
DA:43,0
DA:44,4
DA:45,4
DA:46,2
DA:47,3
DA:48,6
DA:49,0
DA:50,0
DA:51,6
DA:52,0
DA:53,0
DA:54,6
DA:55,6
DA:56,2
DA:57,2
DA:58,2
DA:59,3
DA:60,6
DA:61,6
DA:62,6
DA:63,6
DA:64,6
DA:65,1
DA:66,6
DA:67,1
DA:68,1
DA:69,5
DA:70,1
DA:71,1
DA:72,4
DA:73,3
DA:74,3
DA:75,6
DA:76,2
DA:77,6
DA:78,6
DA:79,6
DA:80,2
DA:81,2
DA:82,2
DA:83,4
DA:84,4
DA:85,4
DA:86,2
DA:87,2
DA:88,2
DA:89,1
DA:90,1
DA:91,12
DA:92,12
DA:93,32
DA:94,32
DA:95,32
DA:96,8
DA:97,8
DA:98,1
DA:99,1
DA:100,1
LF:100
LH:90
BRDA:3,0,0,3
BRDA:18,1,0,3
BRDA:26,2,0,7
BRDA:27,3,0,1
BRDA:29,4,0,6
BRDA:30,5,0,0
BRDA:32,6,0,6
BRDA:34,7,0,2
BRDA:37,8,0,4
BRDA:38,9,0,0
BRDA:41,10,0,0
BRDA:45,11,0,2
BRDA:47,12,0,6
BRDA:48,13,0,0
BRDA:51,14,0,0
BRDA:55,15,0,2
BRDA:59,16,0,6
BRDA:64,17,0,2
BRDA:64,18,0,1
BRDA:66,19,0,5
BRDA:66,20,0,1
BRDA:66,21,0,1
BRDA:69,22,0,4
BRDA:69,23,0,1
BRDA:69,24,0,1
BRDA:72,25,0,3
BRDA:75,26,0,2
BRDA:21,27,0,6
BRDA:22,28,0,8
BRDA:23,29,0,7
BRDA:76,30,0,6
BRDA:82,31,0,4
BRDA:90,32,0,12
BRDA:92,33,0,32
BRDA:93,34,0,13
BRDA:94,35,0,4
BRDA:95,36,0,8
BRF:37
BRH:32
end_of_record
